SUCCESS | https://learnopengl.com/Guest-Articles/2020/Skeletal-Animation
SUCCESS | https://learnopengl.com/Guest-Articles/2020/OIT/Weighted-Blended
SUCCESS | https://learnopengl.com/Advanced-Lighting/Bloom
SUCCESS | https://learnopengl.com/Advanced-Lighting/Advanced-Lighting
SUCCESS | https://learnopengl.com/Guest-Articles/How-to-publish
SUCCESS | https://learnopengl.com/Advanced-Lighting/HDR
SUCCESS | https://learnopengl.com/Guest-Articles/2021/Tessellation/tess_part2.html
SUCCESS | https://learnopengl.com/Lighting/Multiple-lights
SUCCESS | https://learnopengl.com/Guest-Articles/2021/Tessellation/Tessellation
SUCCESS | https://learnopengl.com/Advanced-OpenGL/Face-Culling
SUCCESS | https://learnopengl.com/Guest-Articles/2021/DSA
SUCCESS | https://learnopengl.com/Advanced-OpenGL/Instancing
SUCCESS | https://learnopengl.com/Guest-Articles/2022/Phys.-Based-Bloom
SUCCESS | https://learnopengl.com/Lighting/Basic-lighting
SUCCESS | https://learnopengl.com/Advanced-OpenGL/Face-culling
SUCCESS | https://learnopengl.com/PBR/IBL/Diffuse-irradiance
SUCCESS | https://learnopengl.com/Advanced-Lighting/Normal-Mapping
SUCCESS | https://learnopengl.com/Guest-Articles/2022/Compute-Shaders/Introduction
SUCCESS | https://learnopengl.com/Getting-started/Shaders
SUCCESS | https://learnopengl.com/Advanced-OpenGL/Geometry-Shader
SUCCESS | https://learnopengl.com/Guest-Articles/2021/Scene/Frustum-Culling
SUCCESS | https://learnopengl.com/Advanced-OpenGL/Anti-Aliasing
SUCCESS | https://learnopengl.com/Guest-Articles/2021/Scene/Six-Jonathan@orange.fr
SUCCESS | https://learnopengl.com/PBR/Lighting
SUCCESS | https://learnopengl.com/Advanced-OpenGL/Framebuffers
SUCCESS | https://learnopengl.com/Advanced-OpenGL/Advanced-GLSL
SUCCESS | https://learnopengl.com/Advanced-Lighting/Gamma-Correction
SUCCESS | https://learnopengl.com/Lighting/Lighting-maps
SUCCESS | https://learnopengl.com/Guest-Articles/2021/Scene/Scene-Graph
SUCCESS | https://learnopengl.com/Getting-started/Camera
SUCCESS | https://learnopengl.com/Advanced-OpenGL/Blending
SUCCESS | https://learnopengl.com/Lighting/Basic-Lighting
SUCCESS | https://learnopengl.com/Guest-Articles/2020/OIT/Introduction
SUCCESS | https://learnopengl.com/Advanced-Lighting/SSAO
SUCCESS | https://learnopengl.com/Advanced-OpenGL/Stencil-testing
SUCCESS | https://learnopengl.com/Getting-started/Hello-Window
SUCCESS | https://learnopengl.com/Advanced-Lighting/Parallax-Mapping
SUCCESS | https://learnopengl.com/Getting-started/Transformations
SUCCESS | https://learnopengl.com/Getting-started/Hello-Triangle
SUCCESS | https://learnopengl.com/Getting-started/Coordinate-Systems
SUCCESS | https://learnopengl.com/Guest-Articles/2021/Tessellation/Height-map
SUCCESS | https://learnopengl.com/Advanced-Lighting/Shadows/Shadow-Mapping
SUCCESS | https://learnopengl.com/Guest-Articles/2021/CSM
SUCCESS | https://learnopengl.com/PBR/Theory
SUCCESS | https://learnopengl.com/Advanced-OpenGL/Depth-testing
SUCCESS | https://learnopengl.com/Guest-Articles/2021/Tessellation/Surfaces
SUCCESS | https://learnopengl.com/Getting-started/Review
SUCCESS | https://learnopengl.com/Advanced-OpenGL/Advanced-Data
SUCCESS | https://learnopengl.com/Advanced-OpenGL/Cubemaps
SUCCESS | https://learnopengl.com/Lighting/Light-casters
SUCCESS | https://learnopengl.com/Getting-started/Creating-a-window
SUCCESS | https://learnopengl.com/Advanced-Lighting/Shadows/Point-Shadows
SUCCESS | https://learnopengl.com/Lighting/Review
SUCCESS | https://learnopengl.com/Lighting/Materials
SUCCESS | https://learnopengl.com/Advanced-Lighting/Deferred-Shading
SUCCESS | https://learnopengl.com/Getting-started/OpenGL
SUCCESS | https://learnopengl.com/PBR/IBL/Specular-IBL
SUCCESS | https://learnopengl.com/Guest-Articles/2022/Area-Lights
SUCCESS | https://learnopengl.com/Getting-started/Textures
SUCCESS | https://learnopengl.com/Lighting/Colors
